c:\users\user\documents\data-structure-lab-2026 4\lec04_class_example\lec04_class_example\x64\debug\vc143.pdb
c:\users\user\documents\data-structure-lab-2026 4\lec04_class_example\lec04_class_example\x64\debug\vc143.idb
c:\users\user\documents\data-structure-lab-2026 4\lec04_class_example\lec04_class_example\x64\debug\main.obj
c:\users\user\documents\data-structure-lab-2026 4\lec04_class_example\x64\debug\lec04_class_example.exe
c:\users\user\documents\data-structure-lab-2026 4\lec04_class_example\x64\debug\lec04_class_example.pdb
c:\users\user\documents\data-structure-lab-2026 4\lec04_class_example\lec04_class_example\x64\debug\lec04_class_example.ilk
c:\users\황찬빈\documents\데이터구조및 프로그래밍 실습\data-structure-lab-2026 4\lec04_class_example\lec04_class_example\x64\debug\main.obj
c:\users\황찬빈\documents\데이터구조및 프로그래밍 실습\data-structure-lab-2026 4\lec04_class_example\lec04_class_example\x64\debug\lec04_class_example.ilk
c:\users\황찬빈\documents\데이터구조및 프로그래밍 실습\data-structure-lab-2026 4\lec04_class_example\lec04_class_example\x64\debug\vc143.idb
c:\users\황찬빈\documents\데이터구조및 프로그래밍 실습\data-structure-lab-2026 4\lec04_class_example\lec04_class_example\x64\debug\vc143.pdb
c:\users\황찬빈\documents\데이터구조및 프로그래밍 실습\data-structure-lab-2026 4\lec04_class_example\x64\debug\lec04_class_example.pdb
c:\users\황찬빈\documents\데이터구조및 프로그래밍 실습\data-structure-lab-2026 4\lec04_class_example\x64\debug\lec04_class_example.exe
c:\users\황찬빈\documents\데이터구조및 프로그래밍 실습\data-structure-lab-2026 4\lec04_class_example\lec04_class_example\x64\debug\lec04_cl.0df45f89.tlog\cl.command.1.tlog
c:\users\황찬빈\documents\데이터구조및 프로그래밍 실습\data-structure-lab-2026 4\lec04_class_example\lec04_class_example\x64\debug\lec04_cl.0df45f89.tlog\cl.items.tlog
c:\users\황찬빈\documents\데이터구조및 프로그래밍 실습\data-structure-lab-2026 4\lec04_class_example\lec04_class_example\x64\debug\lec04_cl.0df45f89.tlog\cl.read.1.tlog
c:\users\황찬빈\documents\데이터구조및 프로그래밍 실습\data-structure-lab-2026 4\lec04_class_example\lec04_class_example\x64\debug\lec04_cl.0df45f89.tlog\cl.write.1.tlog
c:\users\황찬빈\documents\데이터구조및 프로그래밍 실습\data-structure-lab-2026 4\lec04_class_example\lec04_class_example\x64\debug\lec04_cl.0df45f89.tlog\link.command.1.tlog
c:\users\황찬빈\documents\데이터구조및 프로그래밍 실습\data-structure-lab-2026 4\lec04_class_example\lec04_class_example\x64\debug\lec04_cl.0df45f89.tlog\link.read.1.tlog
c:\users\황찬빈\documents\데이터구조및 프로그래밍 실습\data-structure-lab-2026 4\lec04_class_example\lec04_class_example\x64\debug\lec04_cl.0df45f89.tlog\link.secondary.1.tlog
c:\users\황찬빈\documents\데이터구조및 프로그래밍 실습\data-structure-lab-2026 4\lec04_class_example\lec04_class_example\x64\debug\lec04_cl.0df45f89.tlog\link.write.1.tlog
